[Message:   BepInEx] BepInEx 5.4.21.0 - Lethal Company (15/04/2024 08:12:43 ب.ظ.)
[Info   :   BepInEx] Running under Unity v2022.3.9.15351836
[Info   :   BepInEx] CLR runtime version: 4.0.30319.42000
[Info   :   BepInEx] Supports SRE: True
[Info   :   BepInEx] System platform: Bits64, Windows
[Message:   BepInEx] Preloader started
[Info   :   BepInEx] Loaded 1 patcher method from [BepInEx.Preloader 5.4.21.0]
[Info   :   BepInEx] 1 patcher plugin loaded
[Info   :   BepInEx] Patching [UnityEngine.CoreModule] with [BepInEx.Chainloader]
[Message:   BepInEx] Preloader finished
[Message:   BepInEx] Chainloader ready
[Message:   BepInEx] Chainloader started
[Info   :   BepInEx] 9 plugins to load
[Warning:   BepInEx] Plugin [ItemQuickSwitchMod 1.1.0] targets a wrong version of BepInEx (5.4.22.0) and might not work until you update
[Info   :   BepInEx] Loading [ShipLoot 1.1]
[Info   :   BepInEx] Loading [ItemQuickSwitchMod 1.1.0]
[Info   :ItemQuickSwitchMod] ItemQuickSwitchMod is creating binds!
[Info   :ItemQuickSwitchMod] Plugin ItemQuickSwitchMod is loaded!
[Info   :   BepInEx] Loading [EmployeeAssignments 1.0.9]
[Info   :   BepInEx] Loading [ReservedItemSlotCore 2.0.22]
[Info   :ReservedItemSlotCore-2.0.22] BindingConfigs
[Info   :ReservedItemSlotCore-2.0.22] ReservedItemSlotCore loaded
[Info   :   BepInEx] Loading [ReservedFlashlightSlot 2.0.3]
[Info   :ReservedFlashlightSlot-2.0.3] BindingConfigs
[Info   :ReservedItemSlotCore-2.0.22] Created ReservedItemSlotData for: flashlight. Slot priority: 200
[Info   :ReservedFlashlightSlot-2.0.3] ReservedFlashlightSlot loaded
[Info   :   BepInEx] Loading [ReservedWalkieSlot 2.0.5]
[Info   :ReservedWalkieSlot-2.0.5] BindingConfigs
[Info   :ReservedItemSlotCore-2.0.22] Created ReservedItemSlotData for: walkie_talkie. Slot priority: 150
[Info   :ReservedWalkieSlot-2.0.5] ReservedWalkieSlot loaded
[Info   :   BepInEx] Loading [MoreCompany 1.9.1]
[Info   :MoreCompany] Loading MoreCompany...
[Info   :MoreCompany] Loading SETTINGS...
[Info   :MoreCompany] Checking: D:\lethal company new\Lethal Company\BepInEx\plugins/MoreCompanyCosmetics
[Info   :MoreCompany] Creating cosmetics directory
[Info   :MoreCompany] Loading COSMETICS...
[Info   :MoreCompany] Loading DEFAULT COSMETICS...
[Info   :MoreCompany] Loaded cosmetic: builtin.3dglasses from bundle
[Info   :MoreCompany] Loaded cosmetic: builtin.bunnyears from bundle
[Info   :MoreCompany] Loaded cosmetic: builtin.denimhat from bundle
[Info   :MoreCompany] Loaded cosmetic: builtin.fancyglasses from bundle
[Info   :MoreCompany] Loaded cosmetic: builtin.partyglasses from bundle
[Info   :MoreCompany] Loaded cosmetic: builtin.gunholster from bundle
[Info   :MoreCompany] Loaded cosmetic: builtin.hardhat from bundle
[Info   :MoreCompany] Loaded cosmetic: builtin.jesterhat from bundle
[Info   :MoreCompany] Loaded cosmetic: builtin.kittyears from bundle
[Info   :MoreCompany] Loaded cosmetic: builtin.mimemask from bundle
[Info   :MoreCompany] Loaded cosmetic: builtin.fancypants from bundle
[Info   :MoreCompany] Loaded cosmetic: builtin.outoforder from bundle
[Info   :MoreCompany] Loaded cosmetic: builtin.partyhat from bundle
[Info   :MoreCompany] Loaded cosmetic: builtin.plaguemask from bundle
[Info   :MoreCompany] Loaded cosmetic: builtin.propellerhat from bundle
[Info   :MoreCompany] Loaded cosmetic: builtin.eyeballs from bundle
[Info   :MoreCompany] Loaded cosmetic: builtin.rudolph from bundle
[Info   :MoreCompany] Loaded cosmetic: builtin.santahat from bundle
[Info   :MoreCompany] Loaded cosmetic: builtin.slimething from bundle
[Info   :MoreCompany] Loaded cosmetic: builtin.tophat from bundle
[Info   :MoreCompany] Loaded cosmetic: builtin.watch from bundle
[Info   :MoreCompany] Loading USER COSMETICS...
[Info   :MoreCompany] Loaded MoreCompany FULLY
[Info   :   BepInEx] Loading [Skinwalker Mod 5.0.0]
[Info   :RugbugRedfern.SkinwalkerMod] SKINWALKER MOD STARTING UP 5.0.0
[Info   :RugbugRedfern.SkinwalkerMod] VoiceEnabled_BaboonHawk VALUE LOADED FROM CONFIG: [True]
[Info   :RugbugRedfern.SkinwalkerMod] VoiceEnabled_Bracken VALUE LOADED FROM CONFIG: [True]
[Info   :RugbugRedfern.SkinwalkerMod] VoiceEnabled_BunkerSpider VALUE LOADED FROM CONFIG: [True]
[Info   :RugbugRedfern.SkinwalkerMod] VoiceEnabled_Centipede VALUE LOADED FROM CONFIG: [True]
[Info   :RugbugRedfern.SkinwalkerMod] VoiceEnabled_CoilHead VALUE LOADED FROM CONFIG: [True]
[Info   :RugbugRedfern.SkinwalkerMod] VoiceEnabled_EyelessDog VALUE LOADED FROM CONFIG: [True]
[Info   :RugbugRedfern.SkinwalkerMod] VoiceEnabled_ForestGiant VALUE LOADED FROM CONFIG: [False]
[Info   :RugbugRedfern.SkinwalkerMod] VoiceEnabled_GhostGirl VALUE LOADED FROM CONFIG: [True]
[Info   :RugbugRedfern.SkinwalkerMod] VoiceEnabled_GiantWorm VALUE LOADED FROM CONFIG: [False]
[Info   :RugbugRedfern.SkinwalkerMod] VoiceEnabled_HoardingBug VALUE LOADED FROM CONFIG: [True]
[Info   :RugbugRedfern.SkinwalkerMod] VoiceEnabled_Hygrodere VALUE LOADED FROM CONFIG: [False]
[Info   :RugbugRedfern.SkinwalkerMod] VoiceEnabled_Jester VALUE LOADED FROM CONFIG: [True]
[Info   :RugbugRedfern.SkinwalkerMod] VoiceEnabled_Masked VALUE LOADED FROM CONFIG: [True]
[Info   :RugbugRedfern.SkinwalkerMod] VoiceEnabled_Nutcracker VALUE LOADED FROM CONFIG: [True]
[Info   :RugbugRedfern.SkinwalkerMod] VoiceEnabled_SporeLizard VALUE LOADED FROM CONFIG: [True]
[Info   :RugbugRedfern.SkinwalkerMod] VoiceEnabled_Thumper VALUE LOADED FROM CONFIG: [True]
[Info   :RugbugRedfern.SkinwalkerMod] VoiceEnabled_OtherEnemies VALUE LOADED FROM CONFIG: [True]
[Info   :RugbugRedfern.SkinwalkerMod] VoiceLineFrequency VALUE LOADED FROM CONFIG: [1]
[Info   :RugbugRedfern.SkinwalkerMod] Skinwalker Mod Object Initialized
[Info   :   BepInEx] Loading [Yippee tbh mod 1.2.4]
[Info   :sunnobunno.YippeeMod] sunnobunno.YippeeMod is loading.
[Info   :sunnobunno.YippeeMod] sunnobunno.YippeeMod is loaded. Yippee!!!
[Message:   BepInEx] Chainloader startup complete
[Info   :EmployeeAssignments] Plugin EmployeeAssignments is loaded!
[Info   :ReservedFlashlightSlot-2.0.3] Initializing hotkeys.
[Info   :ReservedWalkieSlot-2.0.5] Initializing hotkeys.
[Info   : Unity Log] Saving changed settings
[Info   : Unity Log] subcribing to steam callbacks
[Info   :MoreCompany] LANMenu startLAN Patched
[Info   : Unity Log] Returning week num: 19
[Info   : Unity Log] week num: 19
[Info   : Unity Log] host button pressed
[Info   : Unity Log] Returning week num: 19
[Info   : Unity Log] Displaying menu message
[Info   : Unity Log] Connection approval callback! Game version of client request: 
[Info   : Unity Log] Joining client id: 0; Local/host client id: 0
[Info   : Unity Log] Stopped connection approval callback, as the client in question was the host!
[Warning: Unity Log] [Netcode] You cannot decline the host connection. The connection was automatically approved.
[Info   : Unity Log] started host!
[Info   : Unity Log] are we in a server?: True
[Info   : Unity Log] Lobby has been created
[Info   : Unity Log] [Network Transport] Initialized
[Info   : Unity Log] [Network Transport] Connected
[Info   :RugbugRedfern.SkinwalkerMod] Audio folder not present. Don't worry about it, it will be created automatically when you play with friends. (D:/lethal company new/Lethal Company/Lethal Company_Data\..\Dissonance_Diagnostics)
[Info   : Unity Log] Enabling connection callbacks in StartOfRound
[Info   : Unity Log] Began listening to SceneManager_OnLoadComplete1 on this client
[Warning: Unity Log] NetworkVariable is written to, but doesn't know its NetworkBehaviour yet. Are you modifying a NetworkVariable before the NetworkObject is spawned?
[Warning: Unity Log] NetworkVariable is written to, but doesn't know its NetworkBehaviour yet. Are you modifying a NetworkVariable before the NetworkObject is spawned?
[Warning: Unity Log] NetworkVariable is written to, but doesn't know its NetworkBehaviour yet. Are you modifying a NetworkVariable before the NetworkObject is spawned?
[Info   :RugbugRedfern.SkinwalkerMod] HOST SENDING CONFIG TO CLIENTS
[Info   :RugbugRedfern.SkinwalkerMod] SkinwalkerNetworkManager Awake
[Info   : Unity Log] Initialized SkinwalkerNetworkManager
[Info   :MoreCompany] ResizePlayerCache: 32
[Info   :MoreCompany] Resizing player cache from 4 to 32 with difference of 28
[Info   : Unity Log] Called teleport function on Player (4)
[Info   : Unity Log] Called teleport function on Player (5)
[Info   : Unity Log] Called teleport function on Player (6)
[Info   : Unity Log] Called teleport function on Player (7)
[Info   : Unity Log] Called teleport function on Player (8)
[Info   : Unity Log] Called teleport function on Player (9)
[Info   : Unity Log] Called teleport function on Player (10)
[Info   : Unity Log] Called teleport function on Player (11)
[Info   : Unity Log] Called teleport function on Player (12)
[Info   : Unity Log] Called teleport function on Player (13)
[Info   : Unity Log] Called teleport function on Player (14)
[Info   : Unity Log] Called teleport function on Player (15)
[Info   : Unity Log] Called teleport function on Player (16)
[Info   : Unity Log] Called teleport function on Player (17)
[Info   : Unity Log] Called teleport function on Player (18)
[Info   : Unity Log] Called teleport function on Player (19)
[Info   : Unity Log] Called teleport function on Player (20)
[Info   : Unity Log] Called teleport function on Player (21)
[Info   : Unity Log] Called teleport function on Player (22)
[Info   : Unity Log] Called teleport function on Player (23)
[Info   : Unity Log] Called teleport function on Player (24)
[Info   : Unity Log] Called teleport function on Player (25)
[Info   : Unity Log] Called teleport function on Player (26)
[Info   : Unity Log] Called teleport function on Player (27)
[Info   : Unity Log] Called teleport function on Player (28)
[Info   : Unity Log] Called teleport function on Player (29)
[Info   : Unity Log] Called teleport function on Player (30)
[Info   : Unity Log] Called teleport function on Player (31)
[Warning: Unity Log] damageTrigger is disabled! Netcode for GameObjects does not support spawning disabled NetworkBehaviours! The InteractTrigger component was skipped during spawn!
[Info   : Unity Log] level id: 0
[Info   : Unity Log] Changing level
[Info   : Unity Log] Item sales percentages #0: 0
[Info   : Unity Log] Item sales percentages #1: 0
[Info   : Unity Log] Item sales percentages #2: 0
[Info   : Unity Log] Item sales percentages #3: 0
[Info   : Unity Log] Item sales percentages #4: 0
[Info   : Unity Log] Item sales percentages #5: 0
[Info   : Unity Log] Item sales percentages #6: 0
[Info   : Unity Log] Item sales percentages #7: 0
[Info   : Unity Log] Item sales percentages #8: 0
[Info   : Unity Log] Item sales percentages #9: 0
[Info   : Unity Log] Item sales percentages #10: 0
[Info   : Unity Log] Item sales percentages #11: 0
[Info   : Unity Log] Item sales percentages #12: 0
[Warning: Unity Log] NetworkVariable is written to, but doesn't know its NetworkBehaviour yet. Are you modifying a NetworkVariable before the NetworkObject is spawned?
[Info   : Unity Log] Suits: 1
[Info   : Unity Log] Suit #0: 0
[Info   : Unity Log] pos: (-2.45, 2.75, -8.41); rot: (0.00, 90.00, 0.00)
[Warning: Unity Log] NetworkVariable is written to, but doesn't know its NetworkBehaviour yet. Are you modifying a NetworkVariable before the NetworkObject is spawned?
[Info   : Unity Log] Suits: 2
[Info   : Unity Log] Suit #0: 0
[Info   : Unity Log] pos: (-2.45, 2.75, -8.41); rot: (0.00, 90.00, 0.00)
[Info   : Unity Log] Suit #1: 0
[Info   : Unity Log] pos: (-2.27, 2.75, -8.41); rot: (0.00, 90.00, 0.00)
[Info   : Unity Log] Key 'shipGrabbableItems' does not exist
[Info   :ReservedItemSlotCore-2.0.22] Initializing ReservedPlayerData for player: Player (1)
[Info   :ReservedItemSlotCore-2.0.22] Initializing ReservedPlayerData for player: Player (3)
[Info   :ReservedItemSlotCore-2.0.22] Initializing ReservedPlayerData for player: Player (2)
[Info   :ReservedItemSlotCore-2.0.22] Initializing ReservedPlayerData for player: Player
[Info   : Unity Log] Item sales percentages #0: 0
[Info   : Unity Log] Item sales percentages #1: 0
[Info   : Unity Log] Item sales percentages #2: 0
[Info   : Unity Log] Item sales percentages #3: 0
[Info   : Unity Log] Item sales percentages #4: 0
[Info   : Unity Log] Item sales percentages #5: 0
[Info   : Unity Log] Item sales percentages #6: 0
[Info   : Unity Log] Item sales percentages #7: 0
[Info   : Unity Log] Item sales percentages #8: 0
[Info   : Unity Log] Item sales percentages #9: 0
[Info   : Unity Log] Item sales percentages #10: 0
[Info   : Unity Log] Item sales percentages #11: 0
[Info   : Unity Log] Item sales percentages #12: 0
[Info   : Unity Log] Group credits: 60
[Info   :ReservedItemSlotCore-2.0.22] Initializing ReservedPlayerData for player: Player (4)
[Info   :ReservedItemSlotCore-2.0.22] Initializing ReservedPlayerData for player: Player (5)
[Info   :ReservedItemSlotCore-2.0.22] Initializing ReservedPlayerData for player: Player (6)
[Info   :ReservedItemSlotCore-2.0.22] Initializing ReservedPlayerData for player: Player (7)
[Info   :ReservedItemSlotCore-2.0.22] Initializing ReservedPlayerData for player: Player (8)
[Info   :ReservedItemSlotCore-2.0.22] Initializing ReservedPlayerData for player: Player (9)
[Info   :ReservedItemSlotCore-2.0.22] Initializing ReservedPlayerData for player: Player (10)
[Info   :ReservedItemSlotCore-2.0.22] Initializing ReservedPlayerData for player: Player (11)
[Info   :ReservedItemSlotCore-2.0.22] Initializing ReservedPlayerData for player: Player (12)
[Info   :ReservedItemSlotCore-2.0.22] Initializing ReservedPlayerData for player: Player (13)
[Info   :ReservedItemSlotCore-2.0.22] Initializing ReservedPlayerData for player: Player (14)
[Info   :ReservedItemSlotCore-2.0.22] Initializing ReservedPlayerData for player: Player (15)
[Info   :ReservedItemSlotCore-2.0.22] Initializing ReservedPlayerData for player: Player (16)
[Info   :ReservedItemSlotCore-2.0.22] Initializing ReservedPlayerData for player: Player (17)
[Info   :ReservedItemSlotCore-2.0.22] Initializing ReservedPlayerData for player: Player (18)
[Info   :ReservedItemSlotCore-2.0.22] Initializing ReservedPlayerData for player: Player (19)
[Info   :ReservedItemSlotCore-2.0.22] Initializing ReservedPlayerData for player: Player (20)
[Info   :ReservedItemSlotCore-2.0.22] Initializing ReservedPlayerData for player: Player (21)
[Info   :ReservedItemSlotCore-2.0.22] Initializing ReservedPlayerData for player: Player (22)
[Info   :ReservedItemSlotCore-2.0.22] Initializing ReservedPlayerData for player: Player (23)
[Info   :ReservedItemSlotCore-2.0.22] Initializing ReservedPlayerData for player: Player (24)
[Info   :ReservedItemSlotCore-2.0.22] Initializing ReservedPlayerData for player: Player (25)
[Info   :ReservedItemSlotCore-2.0.22] Initializing ReservedPlayerData for player: Player (26)
[Info   :ReservedItemSlotCore-2.0.22] Initializing ReservedPlayerData for player: Player (27)
[Info   :ReservedItemSlotCore-2.0.22] Initializing ReservedPlayerData for player: Player (28)
[Info   :ReservedItemSlotCore-2.0.22] Initializing ReservedPlayerData for player: Player (29)
[Info   :ReservedItemSlotCore-2.0.22] Initializing ReservedPlayerData for player: Player (30)
[Info   :ReservedItemSlotCore-2.0.22] Initializing ReservedPlayerData for player: Player (31)
[Warning: Unity Log] BoxColliders does not support negative scale or size.
The effective box size has been forced positive and is likely to give unexpected collision geometry.
If you absolutely need to use negative scaling you can use the convex MeshCollider. Scene hierarchy path "Environment/HangarShip/LightSwitchContainer/PlacementCollider"
[Warning: Unity Log] BoxColliders does not support negative scale or size.
The effective box size has been forced positive and is likely to give unexpected collision geometry.
If you absolutely need to use negative scaling you can use the convex MeshCollider. Scene hierarchy path "Environment/HangarShip/Cube"
[Warning: Unity Log] BoxColliders does not support negative scale or size.
The effective box size has been forced positive and is likely to give unexpected collision geometry.
If you absolutely need to use negative scaling you can use the convex MeshCollider. Scene hierarchy path "Environment/HangarShip/AnimatedShipDoor/HangarDoorLeft (1)"
[Warning: Unity Log] BoxColliders does not support negative scale or size.
The effective box size has been forced positive and is likely to give unexpected collision geometry.
If you absolutely need to use negative scaling you can use the convex MeshCollider. Scene hierarchy path "Environment/HangarShip/ShipBottomColliders/Cube (1)"
[Warning: Unity Log] BoxColliders does not support negative scale or size.
The effective box size has been forced positive and is likely to give unexpected collision geometry.
If you absolutely need to use negative scaling you can use the convex MeshCollider. Scene hierarchy path "Environment/HangarShip/ControlDesk.001"
[Warning: Unity Log] BoxColliders does not support negative scale or size.
The effective box size has been forced positive and is likely to give unexpected collision geometry.
If you absolutely need to use negative scaling you can use the convex MeshCollider. Scene hierarchy path "Environment/HangarShip/ShipBottomColliders/Cube (3)"
[Warning: Unity Log] BoxColliders does not support negative scale or size.
The effective box size has been forced positive and is likely to give unexpected collision geometry.
If you absolutely need to use negative scaling you can use the convex MeshCollider. Scene hierarchy path "Environment/HangarShip/ShipBottomColliders/Cube (7)"
[Warning: Unity Log] BoxColliders does not support negative scale or size.
The effective box size has been forced positive and is likely to give unexpected collision geometry.
If you absolutely need to use negative scaling you can use the convex MeshCollider. Scene hierarchy path "Environment/HangarShip/StorageCloset/Cube.000/Cube"
[Warning: Unity Log] BoxColliders does not support negative scale or size.
The effective box size has been forced positive and is likely to give unexpected collision geometry.
If you absolutely need to use negative scaling you can use the convex MeshCollider. Scene hierarchy path "Environment/HangarShip/ShipBottomColliders/Cube (6)"
[Warning: Unity Log] BoxColliders does not support negative scale or size.
The effective box size has been forced positive and is likely to give unexpected collision geometry.
If you absolutely need to use negative scaling you can use the convex MeshCollider. Scene hierarchy path "Environment/HangarShip/ShipBottomColliders/Cube (8)"
[Warning: Unity Log] BoxColliders does not support negative scale or size.
The effective box size has been forced positive and is likely to give unexpected collision geometry.
If you absolutely need to use negative scaling you can use the convex MeshCollider. Scene hierarchy path "Environment/HangarShip/ShipBottomColliders/Cube (5)"
[Warning: Unity Log] BoxColliders does not support negative scale or size.
The effective box size has been forced positive and is likely to give unexpected collision geometry.
If you absolutely need to use negative scaling you can use the convex MeshCollider. Scene hierarchy path "Environment/HangarShip/ShipBottomColliders/Cube (4)"
[Info   : Unity Log] Called teleport function on Player
[Info   : Unity Log] Taking control of player Player and enabling camera!
[Info   : Unity Log] Called teleport function on Player (1)
[Info   : Unity Log] Called teleport function on Player (2)
[Info   : Unity Log] Called teleport function on Player (3)
[Info   : Unity Log] Called teleport function on Player (4)
[Info   : Unity Log] Called teleport function on Player (5)
[Info   : Unity Log] Called teleport function on Player (6)
[Info   : Unity Log] Called teleport function on Player (7)
[Info   : Unity Log] Called teleport function on Player (8)
[Info   : Unity Log] Called teleport function on Player (9)
[Info   : Unity Log] Called teleport function on Player (10)
[Info   : Unity Log] Called teleport function on Player (11)
[Info   : Unity Log] Called teleport function on Player (12)
[Info   : Unity Log] Called teleport function on Player (13)
[Info   : Unity Log] Called teleport function on Player (14)
[Info   : Unity Log] Called teleport function on Player (15)
[Info   : Unity Log] Called teleport function on Player (16)
[Info   : Unity Log] Called teleport function on Player (17)
[Info   : Unity Log] Called teleport function on Player (18)
[Info   : Unity Log] Called teleport function on Player (19)
[Info   : Unity Log] Called teleport function on Player (20)
[Info   : Unity Log] Called teleport function on Player (21)
[Info   : Unity Log] Called teleport function on Player (22)
[Info   : Unity Log] Called teleport function on Player (23)
[Info   : Unity Log] Called teleport function on Player (24)
[Info   : Unity Log] Called teleport function on Player (25)
[Info   : Unity Log] Called teleport function on Player (26)
[Info   : Unity Log] Called teleport function on Player (27)
[Info   : Unity Log] Called teleport function on Player (28)
[Info   : Unity Log] Called teleport function on Player (29)
[Info   : Unity Log] Called teleport function on Player (30)
[Info   : Unity Log] Called teleport function on Player (31)
[Info   : Unity Log] Starting voice tracking for player: Pyvinty
[Info   :ReservedItemSlotCore-2.0.22] Unlocking reserved item slot: flashlight
[Info   :ReservedItemSlotCore-2.0.22] Unlocking reserved item slot: walkie_talkie
[Info   : Unity Log] !!!! ENABLING CAMERA FOR PLAYER: Player
[Info   : Unity Log] !!!! connectedPlayersAmount: 0
[Info   : Unity Log] System.IO.DirectoryNotFoundException: Could not find a part of the path "D:\lethal company new\Lethal Company\BepInEx\config2\KillableEnemies.md".
  at System.IO.FileStream..ctor (System.String path, System.IO.FileMode mode, System.IO.FileAccess access, System.IO.FileShare share, System.Int32 bufferSize, System.Boolean anonymous, System.IO.FileOptions options) [0x00164] in <787acc3c9a4c471ba7d971300105af24>:0 
  at System.IO.FileStream..ctor (System.String path, System.IO.FileMode mode, System.IO.FileAccess access, System.IO.FileShare share) [0x00000] in <787acc3c9a4c471ba7d971300105af24>:0 
  at (wrapper remoting-invoke-with-check) System.IO.FileStream..ctor(string,System.IO.FileMode,System.IO.FileAccess,System.IO.FileShare)
  at System.IO.File.OpenWrite (System.String path) [0x00000] in <787acc3c9a4c471ba7d971300105af24>:0 
  at PersonalAssignments.Components.KillableEnemiesOutput.OutputList () [0x000d5] in <0391b5eeb10d416d9ce26cec847c0394>:0 
[Info   : Unity Log] Has beta?: {hasBeta}
[Info   : Unity Log] Has beta save data: True
[Info   :ReservedItemSlotCore-2.0.22] Unlocking reserved item slot: flashlight
[Warning:ReservedItemSlotCore-2.0.22] MatName: Default UI Material
[Warning: Unity Log] Parent of RectTransform is being set with parent property. Consider using the SetParent method instead, with the worldPositionStays argument set to false. This will retain local orientation and scale rather than world orientation and scale, which can prevent common UI scaling issues.
[Info   :ReservedItemSlotCore-2.0.22] Unlocking reserved item slot: walkie_talkie
[Warning:ReservedItemSlotCore-2.0.22] MatName: Default UI Material
[Warning: Unity Log] Parent of RectTransform is being set with parent property. Consider using the SetParent method instead, with the worldPositionStays argument set to false. This will retain local orientation and scale rather than world orientation and scale, which can prevent common UI scaling issues.
[Info   :RugbugRedfern.SkinwalkerMod] Audio folder not present. Don't worry about it, it will be created automatically when you play with friends. (D:/lethal company new/Lethal Company/Lethal Company_Data\..\Dissonance_Diagnostics)
[Info   :ReservedItemSlotCore-2.0.22] Focusing reserved hotbar slots. NewIndex: 4 OldIndex: 0 ReservedStartIndex: 4
[Info   :ReservedItemSlotCore-2.0.22] Unfocusing reserved hotbar slots. NewIndex: 0 OldIndex: 4 ReservedStartIndex: 4
[Info   : Unity Log] Leaving current lobby
[Info   : Unity Log] Disconnecting and setting networkobjects to destroy with owner
[Info   : Unity Log] Got no ship grabbable items to save.
[Info   : Unity Log] Shutting down and disconnecting from server. Is host?: True
[Info   : Unity Log] [Network Transport] Disconnected
[Info   : Unity Log] Resetting unlockables list!
[Info   : Unity Log] Scene manager is null
[Info   : Unity Log] Terminal disabled, disabling ESC key listener
[Info   : Unity Log] DISABLING connection callbacks in round manager
[Info   :RugbugRedfern.SkinwalkerMod] SkinwalkerNetworkManager OnDestroy
[Info   :MoreCompany] LANMenu startLAN Patched
[Info   : Unity Log] Returning week num: 19
[Info   : Unity Log] week num: 19
[Info   : Unity Log] host button pressed
[Info   : Unity Log] Returning week num: 19
[Info   :RugbugRedfern.SkinwalkerMod] Audio folder not present. Don't worry about it, it will be created automatically when you play with friends. (D:/lethal company new/Lethal Company/Lethal Company_Data\..\Dissonance_Diagnostics)
[Info   : Unity Log] unsubscribing from steam callbacks
